Determining if the pthread_create exist failed with the following output:
Change Dir: /home/abot/robot_ws/build/CMakeFiles/CMakeTmp

Run Build Command:"/usr/bin/make" "cmTC_b0b48/fast"
/usr/bin/make -f CMakeFiles/cmTC_b0b48.dir/build.make CMakeFiles/cmTC_b0b48.dir/build
make[1]: 进入目录“/home/abot/robot_ws/build/CMakeFiles/CMakeTmp”
Building C object CMakeFiles/cmTC_b0b48.dir/CheckSymbolExists.c.o
/usr/bin/cc    -o CMakeFiles/cmTC_b0b48.dir/CheckSymbolExists.c.o   -c /home/abot/robot_ws/build/CMakeFiles/CMakeTmp/CheckSymbolExists.c
Linking C executable cmTC_b0b48
/usr/bin/cmake -E cmake_link_script CMakeFiles/cmTC_b0b48.dir/link.txt --verbose=1
/usr/bin/cc      -rdynamic CMakeFiles/cmTC_b0b48.dir/CheckSymbolExists.c.o  -o cmTC_b0b48 
CMakeFiles/cmTC_b0b48.dir/CheckSymbolExists.c.o：在函数‘main’中：
CheckSymbolExists.c:(.text+0x1b)：对‘pthread_create’未定义的引用
collect2: error: ld returned 1 exit status
CMakeFiles/cmTC_b0b48.dir/build.make:97: recipe for target 'cmTC_b0b48' failed
make[1]: *** [cmTC_b0b48] Error 1
make[1]: 离开目录“/home/abot/robot_ws/build/CMakeFiles/CMakeTmp”
Makefile:126: recipe for target 'cmTC_b0b48/fast' failed
make: *** [cmTC_b0b48/fast] Error 2

File /home/abot/robot_ws/build/CMakeFiles/CMakeTmp/CheckSymbolExists.c:
/* */
#include <pthread.h>

int main(int argc, char** argv)
{
  (void)argv;
#ifndef pthread_create
  return ((int*)(&pthread_create))[argc];
#else
  (void)argc;
  return 0;
#endif
}

Determining if the function pthread_create exists in the pthreads failed with the following output:
Change Dir: /home/abot/robot_ws/build/CMakeFiles/CMakeTmp

Run Build Command:"/usr/bin/make" "cmTC_7ca16/fast"
/usr/bin/make -f CMakeFiles/cmTC_7ca16.dir/build.make CMakeFiles/cmTC_7ca16.dir/build
make[1]: 进入目录“/home/abot/robot_ws/build/CMakeFiles/CMakeTmp”
Building C object CMakeFiles/cmTC_7ca16.dir/CheckFunctionExists.c.o
/usr/bin/cc   -DCHECK_FUNCTION_EXISTS=pthread_create   -o CMakeFiles/cmTC_7ca16.dir/CheckFunctionExists.c.o   -c /usr/share/cmake-3.10/Modules/CheckFunctionExists.c
Linking C executable cmTC_7ca16
/usr/bin/cmake -E cmake_link_script CMakeFiles/cmTC_7ca16.dir/link.txt --verbose=1
/usr/bin/cc  -DCHECK_FUNCTION_EXISTS=pthread_create    -rdynamic CMakeFiles/cmTC_7ca16.dir/CheckFunctionExists.c.o  -o cmTC_7ca16 -lpthreads 
/usr/bin/ld: 找不到 -lpthreads
collect2: error: ld returned 1 exit status
CMakeFiles/cmTC_7ca16.dir/build.make:97: recipe for target 'cmTC_7ca16' failed
make[1]: *** [cmTC_7ca16] Error 1
make[1]: 离开目录“/home/abot/robot_ws/build/CMakeFiles/CMakeTmp”
Makefile:126: recipe for target 'cmTC_7ca16/fast' failed
make: *** [cmTC_7ca16/fast] Error 2


